  Mesh.cpp
  segundo_main.cpp
C:\Users\arroy\source\repos\CGeIHCPractica01\CGeIHCPractica01\segundo_main.cpp(246,12): warning C4244: 'argument': conversion from 'time_t' to 'unsigned int', possible loss of data
C:\Users\arroy\source\repos\CGeIHCPractica01\CGeIHCPractica01\segundo_main.cpp(302,12): warning C4244: 'initializing': conversion from 'double' to 'float', possible loss of data
C:\Users\arroy\source\repos\CGeIHCPractica01\CGeIHCPractica01\segundo_main.cpp(303,14): warning C4244: 'initializing': conversion from 'double' to 'float', possible loss of data
C:\Users\arroy\source\repos\CGeIHCPractica01\CGeIHCPractica01\segundo_main.cpp(304,13): warning C4244: 'initializing': conversion from 'double' to 'float', possible loss of data
C:\Users\arroy\source\repos\CGeIHCPractica01\CGeIHCPractica01\segundo_main.cpp(311,25): warning C4244: '=': conversion from 'double' to 'float', possible loss of data
C:\Users\arroy\source\repos\CGeIHCPractica01\CGeIHCPractica01\segundo_main.cpp(312,27): warning C4244: '=': conversion from 'double' to 'float', possible loss of data
C:\Users\arroy\source\repos\CGeIHCPractica01\CGeIHCPractica01\segundo_main.cpp(313,26): warning C4244: '=': conversion from 'double' to 'float', possible loss of data
  Shader.cpp
  Window.cpp
C:\Users\arroy\source\repos\CGeIHCPractica01\CGeIHCPractica01\Window.h(12,36): warning C4244: 'return': conversion from 'GLint' to 'GLfloat', possible loss of data
  (compiling source file 'Window.cpp')
  
C:\Users\arroy\source\repos\CGeIHCPractica01\CGeIHCPractica01\Window.h(13,37): warning C4244: 'return': conversion from 'GLint' to 'GLfloat', possible loss of data
  (compiling source file 'Window.cpp')
  
  Generating code
  Previous IPDB not found, fall back to full compilation.
  All 138 functions were compiled because no usable IPDB/IOBJ from previous compilation was found.
  Finished generating code
  CGeIHCPractica01.vcxproj -> C:\Users\arroy\source\repos\CGeIHCPractica01\Release\CGeIHCPractica01.exe
